[debug] [2024-11-04T19:08:11.009Z] ----------------------------------------------------------------------
[debug] [2024-11-04T19:08:11.012Z] Command:       C:\Program Files\nodejs\node.exe C:\Users\Anna\AppData\Roaming\npm\node_modules\firebase-tools\lib\bin\firebase.js init
[debug] [2024-11-04T19:08:11.012Z] CLI Version:   13.24.0
[debug] [2024-11-04T19:08:11.012Z] Platform:      win32
[debug] [2024-11-04T19:08:11.012Z] Node Version:  v20.15.0
[debug] [2024-11-04T19:08:11.012Z] Time:          Mon Nov 04 2024 21:08:11 GMT+0200 (за східноєвропейським стандартним часом)
[debug] [2024-11-04T19:08:11.012Z] ----------------------------------------------------------------------
[debug] 
[debug] [2024-11-04T19:08:11.015Z] >>> [apiv2][query] GET https://firebase-public.firebaseio.com/cli.json [none]
[debug] [2024-11-04T19:08:11.047Z] > command requires scopes: ["email","openid","https://www.googleapis.com/auth/cloudplatformprojects.readonly","https://www.googleapis.com/auth/firebase","https://www.googleapis.com/auth/cloud-platform"]
[debug] [2024-11-04T19:08:11.047Z] > authorizing via signed-in user (salamanovychanna@gmail.com)
[info] 
     ######## #### ########  ######## ########     ###     ######  ########
     ##        ##  ##     ## ##       ##     ##  ##   ##  ##       ##
     ######    ##  ########  ######   ########  #########  ######  ######
     ##        ##  ##    ##  ##       ##     ## ##     ##       ## ##
     ##       #### ##     ## ######## ########  ##     ##  ######  ########

You're about to initialize a Firebase project in this directory:

  C:\Users\Anna\OneDrive\Desktop\My personal web-site\salamanovych_anna_student

[debug] [2024-11-04T19:08:11.454Z] <<< [apiv2][status] GET https://firebase-public.firebaseio.com/cli.json 200
[debug] [2024-11-04T19:08:11.454Z] <<< [apiv2][body] GET https://firebase-public.firebaseio.com/cli.json {"cloudBuildErrorAfter":1594252800000,"cloudBuildWarnAfter":1590019200000,"defaultNode10After":1594252800000,"minVersion":"3.0.5","node8DeploysDisabledAfter":1613390400000,"node8RuntimeDisabledAfter":1615809600000,"node8WarnAfter":1600128000000}
